2024.10.04 14:46:29 INFO  Database: jdbc:h2:file:/Users/hadjshell/Documents/OneDrive/Extracurricular-Content/Scala/scala-project/.metals/metals (H2 2.3)
2024.10.04 14:46:29 WARN  Flyway upgrade recommended: H2 2.3.230 is newer than this version of Flyway and support has not been tested. The latest supported version of H2 is 2.2.220.
2024.10.04 14:46:29 INFO  Schema history table "PUBLIC"."flyway_schema_history" does not exist yet
2024.10.04 14:46:29 INFO  Successfully validated 6 migrations (execution time 00:00.001s)
2024.10.04 14:46:29 INFO  Creating Schema History table "PUBLIC"."flyway_schema_history" ...
2024.10.04 14:46:29 INFO  Current version of schema "PUBLIC": << Empty Schema >>
2024.10.04 14:46:29 INFO  Migrating schema "PUBLIC" to version "1 - Create tables"
2024.10.04 14:46:29 INFO  Migrating schema "PUBLIC" to version "2 - Server discovery"
2024.10.04 14:46:29 INFO  Migrating schema "PUBLIC" to version "3 - Jar symbols"
2024.10.04 14:46:29 INFO  Migrating schema "PUBLIC" to version "4 - Fingerprints"
2024.10.04 14:46:29 INFO  Migrating schema "PUBLIC" to version "5 - Jar type hierarchy"
2024.10.04 14:46:29 INFO  Migrating schema "PUBLIC" to version "6 - Delete indices"
2024.10.04 14:46:29 INFO  Successfully applied 6 migrations to schema "PUBLIC", now at version v6 (execution time 00:00.006s)
2024.10.04 14:46:36 INFO  running '/Users/hadjshell/Library/Application Support/Coursier/bin/sbt -Dbloop.export-jar-classifiers=sources bloopInstall'
2024.10.04 14:46:37 ERROR [info] [launcher] getting org.scala-sbt sbt 1.9.0  (this may take some time)...
2024.10.04 14:46:37 INFO  no build target found for /Users/hadjshell/Documents/OneDrive/Extracurricular-Content/Scala/scala-project/project/metals.sbt. Using presentation compiler with project's scala-library version: 3.3.3
2024.10.04 14:46:37 WARN  no build target for: /Users/hadjshell/Documents/OneDrive/Extracurricular-Content/Scala/scala-project/project/metals.sbt
2024.10.04 14:46:37 WARN  no build target for: /Users/hadjshell/Documents/OneDrive/Extracurricular-Content/Scala/scala-project/project/project/metals.sbt
2024.10.04 14:46:37 INFO  no build target found for /Users/hadjshell/Documents/OneDrive/Extracurricular-Content/Scala/scala-project/project/project/metals.sbt. Using presentation compiler with project's scala-library version: 3.3.3
2024.10.04 14:46:39 ERROR [info] [launcher] getting Scala 2.12.18 (for sbt)...
2024.10.04 14:46:39 INFO  [info] welcome to sbt 1.9.0 (Oracle Corporation Java 17.0.9)
2024.10.04 14:46:39 INFO  [info] loading settings for project scala-project-build-build from metals.sbt ...
2024.10.04 14:46:41 INFO  [info] loading project definition from /Users/hadjshell/Documents/OneDrive/Extracurricular-Content/Scala/scala-project/project/project
2024.10.04 14:46:41 INFO  [info] loading settings for project scala-project-build from metals.sbt ...
2024.10.04 14:46:41 INFO  [info] loading project definition from /Users/hadjshell/Documents/OneDrive/Extracurricular-Content/Scala/scala-project/project
2024.10.04 14:46:43 INFO  [success] Generated .bloop/scala-project-build.json
2024.10.04 14:46:43 INFO  [success] Total time: 1 s, completed 4 Oct 2024, 14:46:43
2024.10.04 14:46:43 INFO  [info] loading settings for project scala-project from build.sbt ...
2024.10.04 14:46:43 INFO  [info] set current project to scala-project (in build file:/Users/hadjshell/Documents/OneDrive/Extracurricular-Content/Scala/scala-project/)
2024.10.04 14:46:46 INFO  [success] Generated .bloop/scala-project-test.json
2024.10.04 14:46:46 INFO  [success] Generated .bloop/scala-project.json
2024.10.04 14:46:46 INFO  [success] Total time: 3 s, completed 4 Oct 2024, 14:46:46
2024.10.04 14:46:46 INFO  time: ran 'sbt bloopInstall' in 9.71s
2024.10.04 14:46:46 INFO  Attempting to connect to the build server...
2024.10.04 14:46:46 INFO  tracing is disabled for protocol BSP, to enable tracing of incoming and outgoing JSON messages create an empty file at /Users/hadjshell/Documents/OneDrive/Extracurricular-Content/Scala/scala-project/.metals/bsp.trace.json or /Users/hadjshell/Library/Caches/org.scalameta.metals/bsp.trace.json
2024.10.04 14:46:46 INFO  Attempting to connect to the build server...
2024.10.04 14:46:46 INFO  tracing is disabled for protocol BSP, to enable tracing of incoming and outgoing JSON messages create an empty file at /Users/hadjshell/Documents/OneDrive/Extracurricular-Content/Scala/scala-project/project/.metals/bsp.trace.json or /Users/hadjshell/Library/Caches/org.scalameta.metals/bsp.trace.json
2024.10.04 14:46:48 INFO  time: Connected to build server in 2.26s
2024.10.04 14:46:48 INFO  Connected to Build server: Bloop v1.6.0
2024.10.04 14:46:48 INFO  running doctor check
2024.10.04 14:46:48 INFO  java targets: scala-project, scala-project-test, scala-project-build
2024.10.04 14:46:48 WARN  3.3.0 is no longer supported in the current Metals versions, using the last known supported version 1.2.2
2024.10.04 14:46:51 INFO  Database: jdbc:h2:file:/Users/hadjshell/.metals/metals (H2 2.3)
2024.10.04 14:46:51 WARN  Flyway upgrade recommended: H2 2.3.230 is newer than this version of Flyway and support has not been tested. The latest supported version of H2 is 2.2.220.
2024.10.04 14:46:51 INFO  Successfully validated 1 migration (execution time 00:00.000s)
2024.10.04 14:46:51 INFO  Current version of schema "PUBLIC": 1
2024.10.04 14:46:51 INFO  Schema "PUBLIC" is up to date. No migration necessary.
2024.10.04 14:46:51 INFO  Shut down connection with build server.
2024.10.04 14:46:51 INFO  Shut down connection with build server.
2024.10.04 14:46:51 INFO  Shut down connection with build server.
2024.10.04 14:46:51 INFO  Shut down connection with build server.
2024.10.04 14:46:51 INFO  Shut down connection with build server.
2024.10.04 14:46:51 INFO  logging to files /Users/hadjshell/Documents/OneDrive/Extracurricular-Content/Scala/scala-project/.metals/metals.log
2024.10.04 14:46:51 ERROR error processing file:///Users/hadjshell/Library/Caches/Coursier/v1/https/repo1.maven.org/maven2/org/scala-lang/scala3-library_3/3.3.0/scala3-library_3-3.3.0-sources.jar
org.h2.jdbc.JdbcSQLNonTransientConnectionException: Database is already closed (to disable automatic closing at VM shutdown, add ";DB_CLOSE_ON_EXIT=FALSE" to the db URL) [90121-230]
	at org.h2.message.DbException.getJdbcSQLException(DbException.java:690)
	at org.h2.message.DbException.getJdbcSQLException(DbException.java:489)
	at org.h2.message.DbException.get(DbException.java:223)
	at org.h2.message.DbException.get(DbException.java:199)
	at org.h2.message.DbException.get(DbException.java:188)
	at org.h2.jdbc.JdbcConnection.checkClosed(JdbcConnection.java:1423)
	at org.h2.jdbc.JdbcStatement.checkClosed(JdbcStatement.java:1302)
	at org.h2.jdbc.JdbcPreparedStatement.setParameter(JdbcPreparedStatement.java:1392)
	at org.h2.jdbc.JdbcPreparedStatement.setString(JdbcPreparedStatement.java:388)
	at scala.meta.internal.metals.JarTypeHierarchy.$anonfun$putTypeHierarchyInfo$1(JarTopLevels.scala:255)
	at scala.meta.internal.metals.JarTypeHierarchy.$anonfun$putTypeHierarchyInfo$1$adapted(JarTopLevels.scala:254)
	at scala.collection.immutable.List.foreach(List.scala:334)
	at scala.meta.internal.metals.JarTypeHierarchy.putTypeHierarchyInfo(JarTopLevels.scala:254)
	at scala.meta.internal.metals.JarTopLevels.$anonfun$putJarIndexingInfo$1(JarTopLevels.scala:87)
	at scala.runtime.java8.JFunction1$mcII$sp.apply(JFunction1$mcII$sp.scala:17)
	at scala.Option.map(Option.scala:242)
	at scala.meta.internal.metals.JarTopLevels.putJarIndexingInfo(JarTopLevels.scala:84)
	at scala.meta.internal.metals.Indexer.addSourceJarSymbols(Indexer.scala:666)
	at scala.meta.internal.metals.Indexer.$anonfun$indexDependencySources$5(Indexer.scala:491)
	at scala.collection.IterableOnceOps.foreach(IterableOnce.scala:619)
	at scala.collection.IterableOnceOps.foreach$(IterableOnce.scala:617)
	at scala.collection.AbstractIterable.foreach(Iterable.scala:935)
	at scala.collection.IterableOps$WithFilter.foreach(Iterable.scala:905)
	at scala.meta.internal.metals.Indexer.$anonfun$indexDependencySources$1(Indexer.scala:482)
	at scala.meta.internal.metals.Indexer.$anonfun$indexDependencySources$1$adapted(Indexer.scala:481)
	at scala.collection.IterableOnceOps.foreach(IterableOnce.scala:619)
	at scala.collection.IterableOnceOps.foreach$(IterableOnce.scala:617)
	at scala.collection.AbstractIterable.foreach(Iterable.scala:935)
	at scala.meta.internal.metals.Indexer.indexDependencySources(Indexer.scala:481)
	at scala.meta.internal.metals.Indexer.$anonfun$indexWorkspace$17(Indexer.scala:302)
	at scala.runtime.java8.JFunction0$mcV$sp.apply(JFunction0$mcV$sp.scala:18)
	at scala.meta.internal.metals.TimerProvider.timedThunk(TimerProvider.scala:25)
	at scala.meta.internal.metals.Indexer.$anonfun$indexWorkspace$16(Indexer.scala:295)
	at scala.meta.internal.metals.Indexer.$anonfun$indexWorkspace$16$adapted(Indexer.scala:291)
	at scala.collection.immutable.List.foreach(List.scala:334)
	at scala.meta.internal.metals.Indexer.indexWorkspace(Indexer.scala:291)
	at scala.meta.internal.metals.Indexer.$anonfun$profiledIndexWorkspace$2(Indexer.scala:167)
	at scala.runtime.java8.JFunction0$mcV$sp.apply(JFunction0$mcV$sp.scala:18)
	at scala.meta.internal.metals.TimerProvider.timedThunk(TimerProvider.scala:25)
	at scala.meta.internal.metals.Indexer.$anonfun$profiledIndexWorkspace$1(Indexer.scala:167)
	at scala.runtime.java8.JFunction0$mcV$sp.apply(JFunction0$mcV$sp.scala:18)
	at scala.concurrent.Future$.$anonfun$apply$1(Future.scala:687)
	at scala.concurrent.impl.Promise$Transformation.run(Promise.scala:467)
	at java.util.concurrent.ThreadPoolExecutor.runWorker(ThreadPoolExecutor.java:1136)
	at java.util.concurrent.ThreadPoolExecutor$Worker.run(ThreadPoolExecutor.java:635)
	at java.lang.Thread.run(Thread.java:842)

2024.10.04 14:46:51 INFO  Shutting down server
2024.10.04 14:46:51 INFO  shutting down Metals
2024.10.04 14:46:51 INFO  Exiting server
2024.10.04 14:46:54 INFO  Started: Metals version 1.3.5 in folders '/Users/hadjshell/Documents/OneDrive/Extracurricular-Content/Scala/scala-project' for client Visual Studio Code 1.94.0.
SLF4J(W): Class path contains multiple SLF4J providers.
SLF4J(W): Found provider [scribe.slf4j.ScribeServiceProvider@114a35a]
SLF4J(W): Found provider [ch.qos.logback.classic.spi.LogbackServiceProvider@40722afe]
SLF4J(W): See https://www.slf4j.org/codes.html#multiple_bindings for an explanation.
SLF4J(I): Actual provider is of type [scribe.slf4j.ScribeServiceProvider@114a35a]
2024.10.04 14:46:54 WARN  Flyway upgrade recommended: H2 2.3.230 is newer than this version of Flyway and support has not been tested. The latest supported version of H2 is 2.2.220.
2024.10.04 14:46:54 INFO  no build target found for /Users/hadjshell/Documents/OneDrive/Extracurricular-Content/Scala/hellp-world/src/example/worksheet.sc. Using presentation compiler with project's scala-library version: 3.3.3
2024.10.04 14:46:55 INFO  Running List(/Users/hadjshell/Library/Application Support/Coursier/bin/scala-cli, bsp, --workspace, /var/folders/s8/x7kzj66j03v3lz5y253yctk00000gn/T/metals-scala-cli15324927155381712364, --semantic-db-source-root, /Users/hadjshell/Documents/OneDrive/Extracurricular-Content/Scala/hellp-world/src/example, /Users/hadjshell/Documents/OneDrive/Extracurricular-Content/Scala/hellp-world/src/example/worksheet.sc)
2024.10.04 14:46:55 INFO  tracing is disabled for protocol BSP, to enable tracing of incoming and outgoing JSON messages create an empty file at /Users/hadjshell/Documents/OneDrive/Extracurricular-Content/Scala/hellp-world/src/example/.metals/bsp.trace.json or /Users/hadjshell/Library/Caches/org.scalameta.metals/bsp.trace.json
2024.10.04 14:46:55 INFO  Connected to Scala CLI server v1.5.1
2024.10.04 14:46:55 INFO  compiling metals-scala-cli15324927155381712364_4293dabf27-5109fef342 (1 scala source)
2024.10.04 14:46:55 INFO  time: compiled metals-scala-cli15324927155381712364_4293dabf27-5109fef342 in 0.2s
2024.10.04 14:46:56 WARN  Flyway upgrade recommended: H2 2.3.230 is newer than this version of Flyway and support has not been tested. The latest supported version of H2 is 2.2.220.
2024.10.04 14:46:56 WARN  Flyway upgrade recommended: H2 2.3.230 is newer than this version of Flyway and support has not been tested. The latest supported version of H2 is 2.2.220.
2024.10.04 14:46:57 INFO  Attempting to connect to the build server...
2024.10.04 14:46:56 INFO  time: indexed workspace in 1.71s
2024.10.04 14:46:57 INFO  tracing is disabled for protocol BSP, to enable tracing of incoming and outgoing JSON messages create an empty file at /Users/hadjshell/Documents/OneDrive/Extracurricular-Content/Scala/scala-project/.metals/bsp.trace.json or /Users/hadjshell/Library/Caches/org.scalameta.metals/bsp.trace.json
2024.10.04 14:46:57 INFO  Attempting to connect to the build server...
2024.10.04 14:46:57 INFO  tracing is disabled for protocol BSP, to enable tracing of incoming and outgoing JSON messages create an empty file at /Users/hadjshell/Documents/OneDrive/Extracurricular-Content/Scala/scala-project/project/.metals/bsp.trace.json or /Users/hadjshell/Library/Caches/org.scalameta.metals/bsp.trace.json
2024.10.04 14:46:57 INFO  time: Connected to build server in 0.32s
2024.10.04 14:46:57 INFO  Connected to Build server: Bloop v1.6.0
2024.10.04 14:46:57 INFO  running doctor check
2024.10.04 14:46:57 INFO  java targets: scala-project, scala-project-test, scala-project-build
2024.10.04 14:46:57 WARN  3.3.0 is no longer supported in the current Metals versions, using the last known supported version 1.2.2
2024.10.04 14:46:57 INFO  Scala CLI started for /Users/hadjshell/Documents/OneDrive/Extracurricular-Content/Scala/hellp-world/src/example/worksheet.sc
2024.10.04 14:46:58 WARN  Flyway upgrade recommended: H2 2.3.230 is newer than this version of Flyway and support has not been tested. The latest supported version of H2 is 2.2.220.
2024.10.04 14:47:00 INFO  time: indexed workspace in 2.86s
2024.10.04 14:47:00 WARN  no build target for: /Users/hadjshell/Documents/OneDrive/Extracurricular-Content/Scala/hellp-world/src/example/worksheet.sc
2024.10.04 14:47:14 INFO  time: evaluated worksheet 'example.worksheet.sc' in 4.36s
2024.10.04 14:48:01 INFO  time: evaluated worksheet 'example.worksheet.sc' in 0.3s
2024.10.04 14:48:10 INFO  time: evaluated worksheet 'example.worksheet.sc' in 0.23s
2024.10.04 14:48:59 INFO  time: evaluated worksheet 'example.worksheet.sc' in 0.24s
